Arguments: 
  C:\Program Files\node.exe C:\Program Files (x86)\Yarn\bin\yarn.js add pathToRegexp

PATH: 
  C:\windows\system32;C:\windows;C:\windows\System32\Wbem;C:\windows\System32\WindowsPowerShell\v1.0\;G:\Git\cmd;C:\Program Files\;C:\Program Files (x86)\Yarn\bin\;C:\Users\zjr\AppData\Roaming\npm;C:\Program Files (x86)\Yarn\bin

Yarn version: 
  1.22.5

Node version: 
  14.15.1

Platform: 
  win32 x64

Trace: 
  Error: https://registry.npm.taobao.org/pathToRegexp: Not found
      at Request.params.callback [as _callback] (C:\Program Files (x86)\Yarn\lib\cli.js:66097:18)
      at Request.self.callback (C:\Program Files (x86)\Yarn\lib\cli.js:140749:22)
      at Request.emit (events.js:315:20)
      at Request.<anonymous> (C:\Program Files (x86)\Yarn\lib\cli.js:141721:10)
      at Request.emit (events.js:315:20)
      at IncomingMessage.<anonymous> (C:\Program Files (x86)\Yarn\lib\cli.js:141643:12)
      at Object.onceWrapper (events.js:421:28)
      at IncomingMessage.emit (events.js:327:22)
      at endReadableNT (_stream_readable.js:1327:12)
      at processTicksAndRejections (internal/process/task_queues.js:80:21)

npm manifest: 
  {
    "name": "myblogexpress",
    "version": "0.0.0",
    "private": true,
    "scripts": {
      "start": "nodemon -x npm run server",
      "server": "node index"
    },
    "dependencies": {
      "axios": "^0.21.0",
      "cheerio": "^1.0.0-rc.3",
      "cookie-parser": "~1.4.4",
      "cors": "^2.8.5",
      "debug": "~2.6.9",
      "express": "~4.16.1",
      "fetch": "^1.1.0",
      "http-errors": "~1.6.3",
      "http-proxy-middleware": "^1.0.6",
      "jade": "~1.11.0",
      "jsonwebtoken": "^8.5.1",
      "md5": "^2.3.0",
      "moment": "^2.29.1",
      "morgan": "~1.9.1",
      "mysql2": "^2.2.5",
      "qrcode": "^1.4.4",
      "sequelize": "^6.3.5",
      "svg-captcha": "^1.4.0",
      "validate": "^5.1.0"
    }
  }

yarn manifest: 
  No manifest

Lockfile: 
  # THIS IS AN AUTOGENERATED FILE. DO NOT EDIT THIS FILE DIRECTLY.
  # yarn lockfile v1
  
  
  "@types/http-proxy@^1.17.4":
    version "1.17.4"
    resolved "https://registry.npm.taobao.org/@types/http-proxy/download/@types/http-proxy-1.17.4.tgz?cache=0&sync_timestamp=1605053527025&other_urls=https%3A%2F%2Fregistry.npm.taobao.org%2F%40types%2Fhttp-proxy%2Fdownload%2F%40types%2Fhttp-proxy-1.17.4.tgz#e7c92e3dbe3e13aa799440ff42e6d3a17a9d045b"
    integrity sha1-58kuPb4+E6p5lED/QubToXqdBFs=
    dependencies:
      "@types/node" "*"
  
  "@types/node@*":
    version "14.14.12"
    resolved "https://registry.npm.taobao.org/@types/node/download/@types/node-14.14.12.tgz?cache=0&sync_timestamp=1607590739758&other_urls=https%3A%2F%2Fregistry.npm.taobao.org%2F%40types%2Fnode%2Fdownload%2F%40types%2Fnode-14.14.12.tgz#0b1d86f8c40141091285dea02e4940df73bba43f"
    integrity sha1-Cx2G+MQBQQkShd6gLklA33O7pD8=
  
  accepts@~1.3.5:
    version "1.3.7"
    resolved "https://registry.npm.taobao.org/accepts/download/accepts-1.3.7.tgz#531bc726517a3b2b41f850021c6cc15eaab507cd"
    integrity sha1-UxvHJlF6OytB+FACHGzBXqq1B80=
    dependencies:
      mime-types "~2.1.24"
      negotiator "0.6.2"
  
  acorn-globals@^1.0.3:
    version "1.0.9"
    resolved "https://registry.npm.taobao.org/acorn-globals/download/acorn-globals-1.0.9.tgz#55bb5e98691507b74579d0513413217c380c54cf"
    integrity sha1-VbtemGkVB7dFedBRNBMhfDgMVM8=
    dependencies:
      acorn "^2.1.0"
  
  acorn@^1.0.1:
    version "1.2.2"
    resolved "https://registry.npm.taobao.org/acorn/download/acorn-1.2.2.tgz?cache=0&sync_timestamp=1602534380346&other_urls=https%3A%2F%2Fregistry.npm.taobao.org%2Facorn%2Fdownload%2Facorn-1.2.2.tgz#c8ce27de0acc76d896d2b1fad3df588d9e82f014"
    integrity sha1-yM4n3grMdtiW0rH6099YjZ6C8BQ=
  
  acorn@^2.1.0:
    version "2.7.0"
    resolved "https://registry.npm.taobao.org/acorn/download/acorn-2.7.0.tgz?cache=0&sync_timestamp=1602534380346&other_urls=https%3A%2F%2Fregistry.npm.taobao.org%2Facorn%2Fdownload%2Facorn-2.7.0.tgz#ab6e7d9d886aaca8b085bc3312b79a198433f0e7"
    integrity sha1-q259nYhqrKiwhbwzEreaGYQz8Oc=
  
  align-text@^0.1.1, align-text@^0.1.3:
    version "0.1.4"
    resolved "https://registry.npm.taobao.org/align-text/download/align-text-0.1.4.tgz#0cd90a561093f35d0a99256c22b7069433fad117"
    integrity sha1-DNkKVhCT810KmSVsIrcGlDP60Rc=
    dependencies:
      kind-of "^3.0.2"
      longest "^1.0.1"
      repeat-string "^1.5.2"
  
  amdefine@>=0.0.4:
    version "1.0.1"
    resolved "https://registry.npm.taobao.org/amdefine/download/amdefine-1.0.1.tgz#4a5282ac164729e93619bcfd3ad151f817ce91f5"
    integrity sha1-SlKCrBZHKek2Gbz9OtFR+BfOkfU=
  
  ansi-regex@^4.1.0:
    version "4.1.0"
    resolved "https://registry.npm.taobao.org/ansi-regex/download/ansi-regex-4.1.0.tgz#8b9f8f08cf1acb843756a839ca8c7e3168c51997"
    integrity sha1-i5+PCM8ay4Q3Vqg5yox+MWjFGZc=
  
  ansi-styles@^3.2.0:
    version "3.2.1"
    resolved "https://registry.npm.taobao.org/ansi-styles/download/ansi-styles-3.2.1.tgz?cache=0&sync_timestamp=1606792266928&other_urls=https%3A%2F%2Fregistry.npm.taobao.org%2Fansi-styles%2Fdownload%2Fansi-styles-3.2.1.tgz#41fbb20243e50b12be0f04b8dedbf07520ce841d"
    integrity sha1-QfuyAkPlCxK+DwS43tvwdSDOhB0=
    dependencies:
      color-convert "^1.9.0"
  
  any-promise@^1.3.0:
    version "1.3.0"
    resolved "https://registry.npm.taobao.org/any-promise/download/any-promise-1.3.0.tgz#abc6afeedcea52e809cdc0376aed3ce39635d17f"
    integrity sha1-q8av7tzqUugJzcA3au0845Y10X8=
  
  array-flatten@1.1.1:
    version "1.1.1"
    resolved "https://registry.yarnpkg.com/array-flatten/-/array-flatten-1.1.1.tgz#9a5f699051b1e7073328f2a008968b64ea2955d2"
    integrity sha1-ml9pkFGx5wczKPKgCJaLZOopVdI=
  
  asap@~1.0.0:
    version "1.0.0"
    resolved "https://registry.npm.taobao.org/asap/download/asap-1.0.0.tgz#b2a45da5fdfa20b0496fc3768cc27c12fa916a7d"
    integrity sha1-sqRdpf36ILBJb8N2jMJ8EvqRan0=
  
  axios@^0.21.0:
    version "0.21.0"
    resolved "https://registry.npm.taobao.org/axios/download/axios-0.21.0.tgz?cache=0&sync_timestamp=1603470451980&other_urls=https%3A%2F%2Fregistry.npm.taobao.org%2Faxios%2Fdownload%2Faxios-0.21.0.tgz#26df088803a2350dff2c27f96fef99fe49442aca"
    integrity sha1-Jt8IiAOiNQ3/LCf5b++Z/klEKso=
    dependencies:
      follow-redirects "^1.10.0"
  
  base64-js@^1.3.1:
    version "1.5.1"
    resolved "https://registry.npm.taobao.org/base64-js/download/base64-js-1.5.1.tgz?cache=0&other_urls=https%3A%2F%2Fregistry.npm.taobao.org%2Fbase64-js%2Fdownload%2Fbase64-js-1.5.1.tgz#1b1b440160a5bf7ad40b650f095963481903930a"
    integrity sha1-GxtEAWClv3rUC2UPCVljSBkDkwo=
  
  basic-auth@~2.0.0:
    version "2.0.1"
    resolved "https://registry.npm.taobao.org/basic-auth/download/basic-auth-2.0.1.tgz#b998279bf47ce38344b4f3cf916d4679bbf51e3a"
    integrity sha1-uZgnm/R844NEtPPPkW1Gebv1Hjo=
    dependencies:
      safe-buffer "5.1.2"
  
  biskviit@1.0.1:
    version "1.0.1"
    resolved "https://registry.npm.taobao.org/biskviit/download/biskviit-1.0.1.tgz#037a0cd4b71b9e331fd90a1122de17dc49e420a7"
    integrity sha1-A3oM1LcbnjMf2QoRIt4X3EnkIKc=
    dependencies:
      psl "^1.1.7"
  
  body-parser@1.18.3:
    version "1.18.3"
    resolved "https://registry.npm.taobao.org/body-parser/download/body-parser-1.18.3.tgz#5b292198ffdd553b3a0f20ded0592b956955c8b4"
    integrity sha1-WykhmP/dVTs6DyDe0FkrlWlVyLQ=
    dependencies:
      bytes "3.0.0"
      content-type "~1.0.4"
      debug "2.6.9"
      depd "~1.1.2"
      http-errors "~1.6.3"
      iconv-lite "0.4.23"
      on-finished "~2.3.0"
      qs "6.5.2"
      raw-body "2.3.3"
      type-is "~1.6.16"
  
  boolbase@~1.0.0:
    version "1.0.0"
    resolved "https://registry.npm.taobao.org/boolbase/download/boolbase-1.0.0.tgz#68dff5fbe60c51eb37725ea9e3ed310dcc1e776e"
    integrity sha1-aN/1++YMUes3cl6p4+0xDcwed24=
  
  braces@^3.0.1:
    version "3.0.2"
    resolved "https://registry.npm.taobao.org/braces/download/braces-3.0.2.tgz#3454e1a462ee8d599e236df336cd9ea4f8afe107"
    integrity sha1-NFThpGLujVmeI23zNs2epPiv4Qc=
    dependencies:
      fill-range "^7.0.1"
  
  buffer-alloc-unsafe@^1.1.0:
    version "1.1.0"
    resolved "https://registry.npm.taobao.org/buffer-alloc-unsafe/download/buffer-alloc-unsafe-1.1.0.tgz#bd7dc26ae2972d0eda253be061dba992349c19f0"
    integrity sha1-vX3CauKXLQ7aJTvgYdupkjScGfA=
  
  buffer-alloc@^1.2.0:
    version "1.2.0"
    resolved "https://registry.npm.taobao.org/buffer-alloc/download/buffer-alloc-1.2.0.tgz#890dd90d923a873e08e10e5fd51a57e5b7cce0ec"
    integrity sha1-iQ3ZDZI6hz4I4Q5f1RpX5bfM4Ow=
    dependencies:
      buffer-alloc-unsafe "^1.1.0"
      buffer-fill "^1.0.0"
  
  buffer-equal-constant-time@1.0.1:
    version "1.0.1"
    resolved "https://registry.npm.taobao.org/buffer-equal-constant-time/download/buffer-equal-constant-time-1.0.1.tgz#f8e71132f7ffe6e01a5c9697a4c6f3e48d5cc819"
    integrity sha1-+OcRMvf/5uAaXJaXpMbz5I1cyBk=
  
  buffer-fill@^1.0.0:
    version "1.0.0"
    resolved "https://registry.npm.taobao.org/buffer-fill/download/buffer-fill-1.0.0.tgz#f8f78b76789888ef39f205cd637f68e702122b2c"
    integrity sha1-+PeLdniYiO858gXNY39o5wISKyw=
  
  buffer-from@^1.1.1:
    version "1.1.1"
    resolved "https://registry.npm.taobao.org/buffer-from/download/buffer-from-1.1.1.tgz#32713bc028f75c02fdb710d7c7bcec1f2c6070ef"
    integrity sha1-MnE7wCj3XAL9txDXx7zsHyxgcO8=
  
  buffer@^5.4.3:
    version "5.7.1"
    resolved "https://registry.npm.taobao.org/buffer/download/buffer-5.7.1.tgz?cache=0&sync_timestamp=1606098066706&other_urls=https%3A%2F%2Fregistry.npm.taobao.org%2Fbuffer%2Fdownload%2Fbuffer-5.7.1.tgz#ba62e7c13133053582197160851a8f648e99eed0"
    integrity sha1-umLnwTEzBTWCGXFghRqPZI6Z7tA=
    dependencies:
      base64-js "^1.3.1"
      ieee754 "^1.1.13"
  
  bytes@3.0.0:
    version "3.0.0"
    resolved "https://registry.npm.taobao.org/bytes/download/bytes-3.0.0.tgz#d32815404d689699f85a4ea4fa8755dd13a96048"
    integrity sha1-0ygVQE1olpn4Wk6k+odV3ROpYEg=
  
  camelcase@^1.0.2:
    version "1.2.1"
    resolved "https://registry.npm.taobao.org/camelcase/download/camelcase-1.2.1.tgz?cache=0&sync_timestamp=1603921884289&other_urls=https%3A%2F%2Fregistry.npm.taobao.org%2Fcamelcase%2Fdownload%2Fcamelcase-1.2.1.tgz#9bb5304d2e0b56698b2c758b08a3eaa9daa58a39"
    integrity sha1-m7UwTS4LVmmLLHWLCKPqqdqlijk=
  
  camelcase@^5.0.0:
    version "5.3.1"
    resolved "https://registry.npm.taobao.org/camelcase/download/camelcase-5.3.1.tgz?cache=0&sync_timestamp=1603921884289&other_urls=https%3A%2F%2Fregistry.npm.taobao.org%2Fcamelcase%2Fdownload%2Fcamelcase-5.3.1.tgz#e3c9b31569e106811df242f715725a1f4c494320"
    integrity sha1-48mzFWnhBoEd8kL3FXJaH0xJQyA=
  
  center-align@^0.1.1:
    version "0.1.3"
    resolved "https://registry.npm.taobao.org/center-align/download/center-align-0.1.3.tgz#aa0d32629b6ee972200411cbd4461c907bc2b7ad"
    integrity sha1-qg0yYptu6XIgBBHL1EYckHvCt60=
    dependencies:
      align-text "^0.1.3"
      lazy-cache "^1.0.3"
  
  character-parser@1.2.1:
    version "1.2.1"
    resolved "https://registry.npm.taobao.org/character-parser/download/character-parser-1.2.1.tgz#c0dde4ab182713b919b970959a123ecc1a30fcd6"
    integrity sha1-wN3kqxgnE7kZuXCVmhI+zBow/NY=
  
  charenc@0.0.2:
    version "0.0.2"
    resolved "https://registry.npm.taobao.org/charenc/download/charenc-0.0.2.tgz#c0a1d2f3a7092e03774bfa83f14c0fc5790a8667"
    integrity sha1-wKHS86cJLgN3S/qD8UwPxXkKhmc=
  
  cheerio@^1.0.0-rc.3:
    version "1.0.0-rc.3"
    resolved "https://registry.npm.taobao.org/cheerio/download/cheerio-1.0.0-rc.3.tgz#094636d425b2e9c0f4eb91a46c05630c9a1a8bf6"
    integrity sha1-CUY21CWy6cD065GkbAVjDJoai/Y=
    dependencies:
      css-select "~1.2.0"
      dom-serializer "~0.1.1"
      entities "~1.1.1"
      htmlparser2 "^3.9.1"
      lodash "^4.15.0"
      parse5 "^3.0.1"
  
  clean-css@^3.1.9:
    version "3.4.28"
    resolved "https://registry.npm.taobao.org/clean-css/download/clean-css-3.4.28.tgz#bf1945e82fc808f55695e6ddeaec01400efd03ff"
    integrity sha1-vxlF6C/ICPVWlebd6uwBQA79A/8=
    dependencies:
      commander "2.8.x"
      source-map "0.4.x"
  
  cliui@^2.1.0:
    version "2.1.0"
    resolved "https://registry.npm.taobao.org/cliui/download/cliui-2.1.0.tgz#4b475760ff80264c762c3a1719032e91c7fea0d1"
    integrity sha1-S0dXYP+AJkx2LDoXGQMukcf+oNE=
    dependencies:
      center-align "^0.1.1"
      right-align "^0.1.1"
      wordwrap "0.0.2"
  
  cliui@^5.0.0:
    version "5.0.0"
    resolved "https://registry.npm.taobao.org/cliui/download/cliui-5.0.0.tgz#deefcfdb2e800784aa34f46fa08e06851c7bbbc5"
    integrity sha1-3u/P2y6AB4SqNPRvoI4GhRx7u8U=
    dependencies:
      string-width "^3.1.0"
      strip-ansi "^5.2.0"
      wrap-ansi "^5.1.0"
  
  color-convert@^1.9.0:
    version "1.9.3"
    resolved "https://registry.npm.taobao.org/color-convert/download/color-convert-1.9.3.tgz#bb71850690e1f136567de629d2d5471deda4c1e8"
    integrity sha1-u3GFBpDh8TZWfeYp0tVHHe2kweg=
    dependencies:
      color-name "1.1.3"
  
  color-name@1.1.3:
    version "1.1.3"
    resolved "https://registry.npm.taobao.org/color-name/download/color-name-1.1.3.tgz#a7d0558bd89c42f795dd42328f740831ca53bc25"
    integrity sha1-p9BVi9icQveV3UIyj3QIMcpTvCU=
  
  commander@2.8.x:
    version "2.8.1"
    resolved "https://registry.npm.taobao.org/commander/download/commander-2.8.1.tgz?cache=0&sync_timestamp=1605992767704&other_urls=https%3A%2F%2Fregistry.npm.taobao.org%2Fcommander%2Fdownload%2Fcommander-2.8.1.tgz#06be367febfda0c330aa1e2a072d3dc9762425d4"
    integrity sha1-Br42f+v9oMMwqh4qBy09yXYkJdQ=
    dependencies:
      graceful-readlink ">= 1.0.0"
  
  commander@~2.6.0:
    version "2.6.0"
    resolved "https://registry.npm.taobao.org/commander/download/commander-2.6.0.tgz?cache=0&sync_timestamp=1605992767704&other_urls=https%3A%2F%2Fregistry.npm.taobao.org%2Fcommander%2Fdownload%2Fcommander-2.6.0.tgz#9df7e52fb2a0cb0fb89058ee80c3104225f37e1d"
    integrity sha1-nfflL7Kgyw+4kFjugMMQQiXzfh0=
  
  component-type@1.2.1:
    version "1.2.1"
    resolved "https://registry.npm.taobao.org/component-type/download/component-type-1.2.1.tgz#8a47901700238e4fc32269771230226f24b415a9"
    integrity sha1-ikeQFwAjjk/DIml3EjAibyS0Fak=
  
  constantinople@~3.0.1:
    version "3.0.2"
    resolved "https://registry.npm.taobao.org/constantinople/download/constantinople-3.0.2.tgz#4b945d9937907bcd98ee575122c3817516544141"
    integrity sha1-S5RdmTeQe82Y7ldRIsOBdRZUQUE=
    dependencies:
      acorn "^2.1.0"
  
  content-disposition@0.5.2:
    version "0.5.2"
    resolved "https://registry.npm.taobao.org/content-disposition/download/content-disposition-0.5.2.tgz#0cf68bb9ddf5f2be7961c3a85178cb85dba78cb4"
    integrity sha1-DPaLud318r55YcOoUXjLhdunjLQ=
  
  content-type@~1.0.4:
    version "1.0.4"
    resolved "https://registry.yarnpkg.com/content-type/-/content-type-1.0.4.tgz#e138cc75e040c727b1966fe5e5f8c9aee256fe3b"
    integrity sha512-hIP3EEPs8tB9AT1L+NUqtwOAps4mk2Zob89MWXMHjHWg9milF/j4osnnQLXBCBFBk/tvIG/tUc9mOUJiPBhPXA==
  
  cookie-parser@~1.4.4:
    version "1.4.5"
    resolved "https://registry.npm.taobao.org/cookie-parser/download/cookie-parser-1.4.5.tgz#3e572d4b7c0c80f9c61daf604e4336831b5d1d49"
    integrity sha1-PlctS3wMgPnGHa9gTkM2gxtdHUk=
    dependencies:
      cookie "0.4.0"
      cookie-signature "1.0.6"
  
  cookie-signature@1.0.6:
    version "1.0.6"
    resolved "https://registry.yarnpkg.com/cookie-signature/-/cookie-signature-1.0.6.tgz#e303a882b342cc3ee8ca513a79999734dab3ae2c"
    integrity sha1-4wOogrNCzD7oylE6eZmXNNqzriw=
  
  cookie@0.3.1:
    version "0.3.1"
    resolved "https://registry.npm.taobao.org/cookie/download/cookie-0.3.1.tgz#e7e0a1f9ef43b4c8ba925c5c5a96e806d16873bb"
    integrity sha1-5+Ch+e9DtMi6klxcWpboBtFoc7s=
  
  cookie@0.4.0:
    version "0.4.0"
    resolved "https://registry.yarnpkg.com/cookie/-/cookie-0.4.0.tgz#beb437e7022b3b6d49019d088665303ebe9c14ba"
    integrity sha512-+Hp8fLp57wnUSt0tY0tHEXh4voZRDnoIrZPqlo3DPiI4y9lwg/jqx+1Om94/W6ZaPDOUbnjOt/99w66zk+l1Xg==
  
  cors@^2.8.5:
    version "2.8.5"
    resolved "https://registry.npm.taobao.org/cors/download/cors-2.8.5.tgz#eac11da51592dd86b9f06f6e7ac293b3df875d29"
    integrity sha1-6sEdpRWS3Ya58G9uesKTs9+HXSk=
    dependencies:
      object-assign "^4"
      vary "^1"
  
  crypt@0.0.2:
    version "0.0.2"
    resolved "https://registry.npm.taobao.org/crypt/download/crypt-0.0.2.tgz#88d7ff7ec0dfb86f713dc87bbb42d044d3e6c41b"
    integrity sha1-iNf/fsDfuG9xPch7u0LQRNPmxBs=
  
  css-parse@1.0.4:
    version "1.0.4"
    resolved "https://registry.npm.taobao.org/css-parse/download/css-parse-1.0.4.tgz#38b0503fbf9da9f54e9c1dbda60e145c77117bdd"
    integrity sha1-OLBQP7+dqfVOnB29pg4UXHcRe90=
  
  css-select@~1.2.0:
    version "1.2.0"
    resolved "https://registry.npm.taobao.org/css-select/download/css-select-1.2.0.tgz?cache=0&sync_timestamp=1607471238625&other_urls=https%3A%2F%2Fregistry.npm.taobao.org%2Fcss-select%2Fdownload%2Fcss-select-1.2.0.tgz#2b3a110539c5355f1cd8d314623e870b121ec858"
    integrity sha1-KzoRBTnFNV8c2NMUYj6HCxIeyFg=
    dependencies:
      boolbase "~1.0.0"
      css-what "2.1"
      domutils "1.5.1"
      nth-check "~1.0.1"
  
  css-stringify@1.0.5:
    version "1.0.5"
    resolved "https://registry.npm.taobao.org/css-stringify/download/css-stringify-1.0.5.tgz#b0d042946db2953bb9d292900a6cb5f6d0122031"
    integrity sha1-sNBClG2ylTu50pKQCmy19tASIDE=
  
  css-what@2.1:
    version "2.1.3"
    resolved "https://registry.npm.taobao.org/css-what/download/css-what-2.1.3.tgz?cache=0&sync_timestamp=1602570915327&other_urls=https%3A%2F%2Fregistry.npm.taobao.org%2Fcss-what%2Fdownload%2Fcss-what-2.1.3.tgz#a6d7604573365fe74686c3f311c56513d88285f2"
    integrity sha1-ptdgRXM2X+dGhsPzEcVlE9iChfI=
  
  css@~1.0.8:
    version "1.0.8"
    resolved "https://registry.npm.taobao.org/css/download/css-1.0.8.tgz#9386811ca82bccc9ee7fb5a732b1e2a317c8a3e7"
    integrity sha1-k4aBHKgrzMnuf7WnMrHioxfIo+c=
    dependencies:
      css-parse "1.0.4"
      css-stringify "1.0.5"
  
  debug@2.6.9, debug@~2.6.9:
    version "2.6.9"
    resolved "https://registry.npm.taobao.org/debug/download/debug-2.6.9.tgz?cache=0&sync_timestamp=1607566571506&other_urls=https%3A%2F%2Fregistry.npm.taobao.org%2Fdebug%2Fdownload%2Fdebug-2.6.9.tgz#5d128515df134ff327e90a4c93f4e077a536341f"
    integrity sha1-XRKFFd8TT/Mn6QpMk/Tgd6U2NB8=
    dependencies:
      ms "2.0.0"
  
  debug@^4.1.1:
    version "4.3.1"
    resolved "https://registry.npm.taobao.org/debug/download/debug-4.3.1.tgz?cache=0&sync_timestamp=1607566571506&other_urls=https%3A%2F%2Fregistry.npm.taobao.org%2Fdebug%2Fdownload%2Fdebug-4.3.1.tgz#f0d229c505e0c6d8c49ac553d1b13dc183f6b2ee"
    integrity sha1-8NIpxQXgxtjEmsVT0bE9wYP2su4=
    dependencies:
      ms "2.1.2"
  
  decamelize@^1.0.0, decamelize@^1.2.0:
    version "1.2.0"
    resolved "https://registry.npm.taobao.org/decamelize/download/decamelize-1.2.0.tgz#f6534d15148269b20352e7bee26f501f9a191290"
    integrity sha1-9lNNFRSCabIDUue+4m9QH5oZEpA=
  
  denque@^1.4.1:
    version "1.4.1"
    resolved "https://registry.npm.taobao.org/denque/download/denque-1.4.1.tgz#6744ff7641c148c3f8a69c307e51235c1f4a37cf"
    integrity sha1-Z0T/dkHBSMP4ppwwflEjXB9KN88=
  
  depd@~1.1.2:
    version "1.1.2"
    resolved "https://registry.yarnpkg.com/depd/-/depd-1.1.2.tgz#9bcd52e14c097763e749b274c4346ed2e560b5a9"
    integrity sha1-m81S4UwJd2PnSbJ0xDRu0uVgtak=
  
  destroy@~1.0.4:
    version "1.0.4"
    resolved "https://registry.yarnpkg.com/destroy/-/destroy-1.0.4.tgz#978857442c44749e4206613e37946205826abd80"
    integrity sha1-l4hXRCxEdJ5CBmE+N5RiBYJqvYA=
  
  dijkstrajs@^1.0.1:
    version "1.0.1"
    resolved "https://registry.npm.taobao.org/dijkstrajs/download/dijkstrajs-1.0.1.tgz#d3cd81221e3ea40742cfcde556d4e99e98ddc71b"
    integrity sha1-082BIh4+pAdCz83lVtTpnpjdxxs=
  
  dom-serializer@0:
    version "0.2.2"
    resolved "https://registry.npm.taobao.org/dom-serializer/download/dom-serializer-0.2.2.tgz?cache=0&sync_timestamp=1607193380961&other_urls=https%3A%2F%2Fregistry.npm.taobao.org%2Fdom-serializer%2Fdownload%2Fdom-serializer-0.2.2.tgz#1afb81f533717175d478655debc5e332d9f9bb51"
    integrity sha1-GvuB9TNxcXXUeGVd68XjMtn5u1E=
    dependencies:
      domelementtype "^2.0.1"
      entities "^2.0.0"
  
  dom-serializer@~0.1.1:
    version "0.1.1"
    resolved "https://registry.npm.taobao.org/dom-serializer/download/dom-serializer-0.1.1.tgz?cache=0&sync_timestamp=1607193380961&other_urls=https%3A%2F%2Fregistry.npm.taobao.org%2Fdom-serializer%2Fdownload%2Fdom-serializer-0.1.1.tgz#1ec4059e284babed36eec2941d4a970a189ce7c0"
    integrity sha1-HsQFnihLq+027sKUHUqXChic58A=
    dependencies:
      domelementtype "^1.3.0"
      entities "^1.1.1"
  
  domelementtype@1, domelementtype@^1.3.0, domelementtype@^1.3.1:
    version "1.3.1"
    resolved "https://registry.npm.taobao.org/domelementtype/download/domelementtype-1.3.1.tgz?cache=0&sync_timestamp=1606865995285&other_urls=https%3A%2F%2Fregistry.npm.taobao.org%2Fdomelementtype%2Fdownload%2Fdomelementtype-1.3.1.tgz#d048c44b37b0d10a7f2a3d5fee3f4333d790481f"
    integrity sha1-0EjESzew0Qp/Kj1f7j9DM9eQSB8=
  
  domelementtype@^2.0.1:
    version "2.1.0"
    resolved "https://registry.npm.taobao.org/domelementtype/download/domelementtype-2.1.0.tgz?cache=0&sync_timestamp=1606865995285&other_urls=https%3A%2F%2Fregistry.npm.taobao.org%2Fdomelementtype%2Fdownload%2Fdomelementtype-2.1.0.tgz#a851c080a6d1c3d94344aed151d99f669edf585e"
    integrity sha1-qFHAgKbRw9lDRK7RUdmfZp7fWF4=
  
  domhandler@^2.3.0:
    version "2.4.2"
    resolved "https://registry.npm.taobao.org/domhandler/download/domhandler-2.4.2.tgz?cache=0&sync_timestamp=1606872280855&other_urls=https%3A%2F%2Fregistry.npm.taobao.org%2Fdomhandler%2Fdownload%2Fdomhandler-2.4.2.tgz#8805097e933d65e85546f726d60f5eb88b44f803"
    integrity sha1-iAUJfpM9ZehVRvcm1g9euItE+AM=
    dependencies:
      domelementtype "1"
  
  domutils@1.5.1:
    version "1.5.1"
    resolved "https://registry.npm.taobao.org/domutils/download/domutils-1.5.1.tgz?cache=0&sync_timestamp=1607393056952&other_urls=https%3A%2F%2Fregistry.npm.taobao.org%2Fdomutils%2Fdownload%2Fdomutils-1.5.1.tgz#dcd8488a26f563d61079e48c9f7b7e32373682cf"
    integrity sha1-3NhIiib1Y9YQeeSMn3t+Mjc2gs8=
    dependencies:
      dom-serializer "0"
      domelementtype "1"
  
  domutils@^1.5.1:
    version "1.7.0"
    resolved "https://registry.npm.taobao.org/domutils/download/domutils-1.7.0.tgz?cache=0&sync_timestamp=1607393056952&other_urls=https%3A%2F%2Fregistry.npm.taobao.org%2Fdomutils%2Fdownload%2Fdomutils-1.7.0.tgz#56ea341e834e06e6748af7a1cb25da67ea9f8c2a"
    integrity sha1-Vuo0HoNOBuZ0ivehyyXaZ+qfjCo=
    dependencies:
      dom-serializer "0"
      domelementtype "1"
  
  dottie@^2.0.0:
    version "2.0.2"
    resolved "https://registry.npm.taobao.org/dottie/download/dottie-2.0.2.tgz#cc91c0726ce3a054ebf11c55fbc92a7f266dd154"
    integrity sha1-zJHAcmzjoFTr8RxV+8kqfyZt0VQ=
  
  ecdsa-sig-formatter@1.0.11:
    version "1.0.11"
    resolved "https://registry.npm.taobao.org/ecdsa-sig-formatter/download/ecdsa-sig-formatter-1.0.11.tgz#ae0f0fa2d85045ef14a817daa3ce9acd0489e5bf"
    integrity sha1-rg8PothQRe8UqBfao86azQSJ5b8=
    dependencies:
      safe-buffer "^5.0.1"
  
  ee-first@1.1.1:
    version "1.1.1"
    resolved "https://registry.yarnpkg.com/ee-first/-/ee-first-1.1.1.tgz#590c61156b0ae2f4f0255732a158b266bc56b21d"
    integrity sha1-WQxhFWsK4vTwJVcyoViyZrxWsh0=
  
  eivindfjeldstad-dot@0.0.1:
    version "0.0.1"
    resolved "https://registry.npm.taobao.org/eivindfjeldstad-dot/download/eivindfjeldstad-dot-0.0.1.tgz#22fc976bfaf306e0839a31db8e8213480fafb893"
    integrity sha1-IvyXa/rzBuCDmjHbjoITSA+vuJM=
  
  emoji-regex@^7.0.1:
    version "7.0.3"
    resolved "https://registry.npm.taobao.org/emoji-regex/download/emoji-regex-7.0.3.tgz?cache=0&sync_timestamp=1603212288390&other_urls=https%3A%2F%2Fregistry.npm.taobao.org%2Femoji-regex%2Fdownload%2Femoji-regex-7.0.3.tgz#933a04052860c85e83c122479c4748a8e4c72156"
    integrity sha1-kzoEBShgyF6DwSJHnEdIqOTHIVY=
  
  encodeurl@~1.0.2:
    version "1.0.2"
    resolved "https://registry.yarnpkg.com/encodeurl/-/encodeurl-1.0.2.tgz#ad3ff4c86ec2d029322f5a02c3a9a606c95b3f59"
    integrity sha1-rT/0yG7C0CkyL1oCw6mmBslbP1k=
  
  encoding@0.1.12:
    version "0.1.12"
    resolved "https://registry.npm.taobao.org/encoding/download/encoding-0.1.12.tgz#538b66f3ee62cd1ab51ec323829d1f9480c74beb"
    integrity sha1-U4tm8+5izRq1HsMjgp0flIDHS+s=
    dependencies:
      iconv-lite "~0.4.13"
  
  entities@^1.1.1, entities@~1.1.1:
    version "1.1.2"
    resolved "https://registry.npm.taobao.org/entities/download/entities-1.1.2.tgz?cache=0&sync_timestamp=1602898797807&other_urls=https%3A%2F%2Fregistry.npm.taobao.org%2Fentities%2Fdownload%2Fentities-1.1.2.tgz#bdfa735299664dfafd34529ed4f8522a275fea56"
    integrity sha1-vfpzUplmTfr9NFKe1PhSKidf6lY=
  
  entities@^2.0.0:
    version "2.1.0"
    resolved "https://registry.npm.taobao.org/entities/download/entities-2.1.0.tgz?cache=0&sync_timestamp=1602898797807&other_urls=https%3A%2F%2Fregistry.npm.taobao.org%2Fentities%2Fdownload%2Fentities-2.1.0.tgz#992d3129cf7df6870b96c57858c249a120f8b8b5"
    integrity sha1-mS0xKc999ocLlsV4WMJJoSD4uLU=
  
  escape-html@~1.0.3:
    version "1.0.3"
    resolved "https://registry.yarnpkg.com/escape-html/-/escape-html-1.0.3.tgz#0258eae4d3d0c0974de1c169188ef0051d1d1988"
    integrity sha1-Aljq5NPQwJdN4cFpGI7wBR0dGYg=
  
  etag@~1.8.1:
    version "1.8.1"
    resolved "https://registry.yarnpkg.com/etag/-/etag-1.8.1.tgz#41ae2eeb65efa62268aebfea83ac7d79299b0887"
    integrity sha1-Qa4u62XvpiJorr/qg6x9eSmbCIc=
  
  eventemitter3@^4.0.0:
    version "4.0.7"
    resolved "https://registry.npm.taobao.org/eventemitter3/download/eventemitter3-4.0.7.tgz?cache=0&sync_timestamp=1598517714257&other_urls=https%3A%2F%2Fregistry.npm.taobao.org%2Feventemitter3%2Fdownload%2Feventemitter3-4.0.7.tgz#2de9b68f6528d5644ef5c59526a1b4a07306169f"
    integrity sha1-Lem2j2Uo1WRO9cWVJqG0oHMGFp8=
  
  express@~4.16.1:
    version "4.16.4"
    resolved "https://registry.npm.taobao.org/express/download/express-4.16.4.tgz?cache=0&sync_timestamp=1596722127254&other_urls=https%3A%2F%2Fregistry.npm.taobao.org%2Fexpress%2Fdownload%2Fexpress-4.16.4.tgz#fddef61926109e24c515ea97fd2f1bdbf62df12e"
    integrity sha1-/d72GSYQniTFFeqX/S8b2/Yt8S4=
    dependencies:
      accepts "~1.3.5"
      array-flatten "1.1.1"
      body-parser "1.18.3"
      content-disposition "0.5.2"
      content-type "~1.0.4"
      cookie "0.3.1"
      cookie-signature "1.0.6"
      debug "2.6.9"
      depd "~1.1.2"
      encodeurl "~1.0.2"
      escape-html "~1.0.3"
      etag "~1.8.1"
      finalhandler "1.1.1"
      fresh "0.5.2"
      merge-descriptors "1.0.1"
      methods "~1.1.2"
      on-finished "~2.3.0"
      parseurl "~1.3.2"
      path-to-regexp "0.1.7"
      proxy-addr "~2.0.4"
      qs "6.5.2"
      range-parser "~1.2.0"
      safe-buffer "5.1.2"
      send "0.16.2"
      serve-static "1.13.2"
      setprototypeof "1.1.0"
      statuses "~1.4.0"
      type-is "~1.6.16"
      utils-merge "1.0.1"
      vary "~1.1.2"
  
  fetch@^1.1.0:
    version "1.1.0"
    resolved "https://registry.npm.taobao.org/fetch/download/fetch-1.1.0.tgz#0a8279f06be37f9f0ebb567560a30a480da59a2e"
    integrity sha1-CoJ58Gvjf58Ou1Z1YKMKSA2lmi4=
    dependencies:
      biskviit "1.0.1"
      encoding "0.1.12"
  
  fill-range@^7.0.1:
    version "7.0.1"
    resolved "https://registry.npm.taobao.org/fill-range/download/fill-range-7.0.1.tgz#1919a6a7c75fe38b2c7c77e5198535da9acdda40"
    integrity sha1-GRmmp8df44ssfHflGYU12prN2kA=
    dependencies:
      to-regex-range "^5.0.1"
  
  finalhandler@1.1.1:
    version "1.1.1"
    resolved "https://registry.npm.taobao.org/finalhandler/download/finalhandler-1.1.1.tgz#eebf4ed840079c83f4249038c9d703008301b105"
    integrity sha1-7r9O2EAHnIP0JJA4ydcDAIMBsQU=
    dependencies:
      debug "2.6.9"
      encodeurl "~1.0.2"
      escape-html "~1.0.3"
      on-finished "~2.3.0"
      parseurl "~1.3.2"
      statuses "~1.4.0"
      unpipe "~1.0.0"
  
  find-up@^3.0.0:
    version "3.0.0"
    resolved "https://registry.npm.taobao.org/find-up/download/find-up-3.0.0.tgz#49169f1d7993430646da61ecc5ae355c21c97b73"
    integrity sha1-SRafHXmTQwZG2mHsxa41XCHJe3M=
    dependencies:
      locate-path "^3.0.0"
  
  follow-redirects@^1.0.0, follow-redirects@^1.10.0:
    version "1.13.0"
    resolved "https://registry.npm.taobao.org/follow-redirects/download/follow-redirects-1.13.0.tgz?cache=0&sync_timestamp=1597058055564&other_urls=https%3A%2F%2Fregistry.npm.taobao.org%2Ffollow-redirects%2Fdownload%2Ffollow-redirects-1.13.0.tgz#b42e8d93a2a7eea5ed88633676d6597bc8e384db"
    integrity sha1-tC6Nk6Kn7qXtiGM2dtZZe8jjhNs=
  
  forwarded@~0.1.2:
    version "0.1.2"
    resolved "https://registry.yarnpkg.com/forwarded/-/forwarded-0.1.2.tgz#98c23dab1175657b8c0573e8ceccd91b0ff18c84"
    integrity sha1-mMI9qxF1ZXuMBXPozszZGw/xjIQ=
  
  fresh@0.5.2:
    version "0.5.2"
    resolved "https://registry.yarnpkg.com/fresh/-/fresh-0.5.2.tgz#3d8cadd90d976569fa835ab1f8e4b23a105605a7"
    integrity sha1-PYyt2Q2XZWn6g1qx+OSyOhBWBac=
  
  generate-function@^2.3.1:
    version "2.3.1"
    resolved "https://registry.npm.taobao.org/generate-function/download/generate-function-2.3.1.tgz#f069617690c10c868e73b8465746764f97c3479f"
    integrity sha1-8GlhdpDBDIaOc7hGV0Z2T5fDR58=
    dependencies:
      is-property "^1.0.2"
  
  get-caller-file@^2.0.1:
    version "2.0.5"
    resolved "https://registry.npm.taobao.org/get-caller-file/download/get-caller-file-2.0.5.tgz#4f94412a82db32f36e3b0b9741f8a97feb031f7e"
    integrity sha1-T5RBKoLbMvNuOwuXQfipf+sDH34=
  
  "graceful-readlink@>= 1.0.0":
    version "1.0.1"
    resolved "https://registry.npm.taobao.org/graceful-readlink/download/graceful-readlink-1.0.1.tgz#4cafad76bc62f02fa039b2f94e9a3dd3a391a725"
    integrity sha1-TK+tdrxi8C+gObL5Tpo906ORpyU=
  
  htmlparser2@^3.9.1:
    version "3.10.1"
    resolved "https://registry.npm.taobao.org/htmlparser2/download/htmlparser2-3.10.1.tgz?cache=0&sync_timestamp=1607394323827&other_urls=https%3A%2F%2Fregistry.npm.taobao.org%2Fhtmlparser2%2Fdownload%2Fhtmlparser2-3.10.1.tgz#bd679dc3f59897b6a34bb10749c855bb53a9392f"
    integrity sha1-vWedw/WYl7ajS7EHSchVu1OpOS8=
    dependencies:
      domelementtype "^1.3.1"
      domhandler "^2.3.0"
      domutils "^1.5.1"
      entities "^1.1.1"
      inherits "^2.0.1"
      readable-stream "^3.1.1"
  
  http-errors@1.6.3, http-errors@~1.6.2, http-errors@~1.6.3:
    version "1.6.3"
    resolved "https://registry.npm.taobao.org/http-errors/download/http-errors-1.6.3.tgz#8b55680bb4be283a0b5bf4ea2e38580be1d9320d"
    integrity sha1-i1VoC7S+KDoLW/TqLjhYC+HZMg0=
    dependencies:
      depd "~1.1.2"
      inherits "2.0.3"
      setprototypeof "1.1.0"
      statuses ">= 1.4.0 < 2"
  
  http-proxy-middleware@^1.0.6:
    version "1.0.6"
    resolved "https://registry.npm.taobao.org/http-proxy-middleware/download/http-proxy-middleware-1.0.6.tgz?cache=0&sync_timestamp=1602445480546&other_urls=https%3A%2F%2Fregistry.npm.taobao.org%2Fhttp-proxy-middleware%2Fdownload%2Fhttp-proxy-middleware-1.0.6.tgz#0618557722f450375d3796d701a8ac5407b3b94e"
    integrity sha1-BhhVdyL0UDddN5bXAaisVAezuU4=
    dependencies:
      "@types/http-proxy" "^1.17.4"
      http-proxy "^1.18.1"
      is-glob "^4.0.1"
      lodash "^4.17.20"
      micromatch "^4.0.2"
  
  http-proxy@^1.18.1:
    version "1.18.1"
    resolved "https://registry.npm.taobao.org/http-proxy/download/http-proxy-1.18.1.tgz#401541f0534884bbf95260334e72f88ee3976549"
    integrity sha1-QBVB8FNIhLv5UmAzTnL4juOXZUk=
    dependencies:
      eventemitter3 "^4.0.0"
      follow-redirects "^1.0.0"
      requires-port "^1.0.0"
  
  iconv-lite@0.4.23:
    version "0.4.23"
    resolved "https://registry.npm.taobao.org/iconv-lite/download/iconv-lite-0.4.23.tgz#297871f63be507adcfbfca715d0cd0eed84e9a63"
    integrity sha1-KXhx9jvlB63Pv8pxXQzQ7thOmmM=
    dependencies:
      safer-buffer ">= 2.1.2 < 3"
  
  iconv-lite@^0.6.2:
    version "0.6.2"
    resolved "https://registry.npm.taobao.org/iconv-lite/download/iconv-lite-0.6.2.tgz#ce13d1875b0c3a674bd6a04b7f76b01b1b6ded01"
    integrity sha1-zhPRh1sMOmdL1qBLf3awGxtt7QE=
    dependencies:
      safer-buffer ">= 2.1.2 < 3.0.0"
  
  iconv-lite@~0.4.13:
    version "0.4.24"
    resolved "https://registry.npm.taobao.org/iconv-lite/download/iconv-lite-0.4.24.tgz#2022b4b25fbddc21d2f524974a474aafe733908b"
    integrity sha1-ICK0sl+93CHS9SSXSkdKr+czkIs=
    dependencies:
      safer-buffer ">= 2.1.2 < 3"
  
  ieee754@^1.1.13:
    version "1.2.1"
    resolved "https://registry.npm.taobao.org/ieee754/download/ieee754-1.2.1.tgz?cache=0&sync_timestamp=1603838320663&other_urls=https%3A%2F%2Fregistry.npm.taobao.org%2Fieee754%2Fdownload%2Fieee754-1.2.1.tgz#8eb7a10a63fff25d15a57b001586d177d1b0d352"
    integrity sha1-jrehCmP/8l0VpXsAFYbRd9Gw01I=
  
  inflection@1.12.0:
    version "1.12.0"
    resolved "https://registry.npm.taobao.org/inflection/download/inflection-1.12.0.tgz#a200935656d6f5f6bc4dc7502e1aecb703228416"
    integrity sha1-ogCTVlbW9fa8TcdQLhrstwMihBY=
  
  inherits@2.0.3:
    version "2.0.3"
    resolved "https://registry.yarnpkg.com/inherits/-/inherits-2.0.3.tgz#633c2c83e3da42a502f52466022480f4208261de"
    integrity sha1-Yzwsg+PaQqUC9SRmAiSA9CCCYd4=
  
  inherits@^2.0.1, inherits@^2.0.3:
    version "2.0.4"
    resolved "https://registry.npm.taobao.org/inherits/download/inherits-2.0.4.tgz#0fa2c64f932917c3433a0ded55363aae37416b7c"
    integrity sha1-D6LGT5MpF8NDOg3tVTY6rjdBa3w=
  
  ipaddr.js@1.9.1:
    version "1.9.1"
    resolved "https://registry.yarnpkg.com/ipaddr.js/-/ipaddr.js-1.9.1.tgz#bff38543eeb8984825079ff3a2a8e6cbd46781b3"
    integrity sha512-0KI/607xoxSToH7GjN1FfSbLoU0+btTicjsQSWQlh/hZykN8KpmMf7uYwPW3R+akZ6R/w18ZlXSHBYXiYUPO3g==
  
  is-buffer@^1.1.5, is-buffer@~1.1.6:
    version "1.1.6"
    resolved "https://registry.npm.taobao.org/is-buffer/download/is-buffer-1.1.6.tgz?cache=0&sync_timestamp=1604432378894&other_urls=https%3A%2F%2Fregistry.npm.taobao.org%2Fis-buffer%2Fdownload%2Fis-buffer-1.1.6.tgz#efaa2ea9daa0d7ab2ea13a97b2b8ad51fefbe8be"
    integrity sha1-76ouqdqg16suoTqXsritUf776L4=
  
  is-extglob@^2.1.1:
    version "2.1.1"
    resolved "https://registry.npm.taobao.org/is-extglob/download/is-extglob-2.1.1.tgz#a88c02535791f02ed37c76a1b9ea9773c833f8c2"
    integrity sha1-qIwCU1eR8C7TfHahueqXc8gz+MI=
  
  is-fullwidth-code-point@^2.0.0:
    version "2.0.0"
    resolved "https://registry.npm.taobao.org/is-fullwidth-code-point/download/is-fullwidth-code-point-2.0.0.tgz#a3b30a5c4f199183167aaab93beefae3ddfb654f"
    integrity sha1-o7MKXE8ZkYMWeqq5O+764937ZU8=
  
  is-glob@^4.0.1:
    version "4.0.1"
    resolved "https://registry.npm.taobao.org/is-glob/download/is-glob-4.0.1.tgz#7567dbe9f2f5e2467bc77ab83c4a29482407a5dc"
    integrity sha1-dWfb6fL14kZ7x3q4PEopSCQHpdw=
    dependencies:
      is-extglob "^2.1.1"
  
  is-number@^7.0.0:
    version "7.0.0"
    resolved "https://registry.npm.taobao.org/is-number/download/is-number-7.0.0.tgz#7535345b896734d5f80c4d06c50955527a14f12b"
    integrity sha1-dTU0W4lnNNX4DE0GxQlVUnoU8Ss=
  
  is-promise@^2.0.0:
    version "2.2.2"
    resolved "https://registry.npm.taobao.org/is-promise/download/is-promise-2.2.2.tgz#39ab959ccbf9a774cf079f7b40c7a26f763135f1"
    integrity sha1-OauVnMv5p3TPB597QMeib3YxNfE=
  
  is-promise@~1:
    version "1.0.1"
    resolved "https://registry.npm.taobao.org/is-promise/download/is-promise-1.0.1.tgz#31573761c057e33c2e91aab9e96da08cefbe76e5"
    integrity sha1-MVc3YcBX4zwukaq56W2gjO++duU=
  
  is-property@^1.0.2:
    version "1.0.2"
    resolved "https://registry.npm.taobao.org/is-property/download/is-property-1.0.2.tgz#57fe1c4e48474edd65b09911f26b1cd4095dda84"
    integrity sha1-V/4cTkhHTt1lsJkR8msc1Ald2oQ=
  
  isarray@^2.0.1:
    version "2.0.5"
    resolved "https://registry.npm.taobao.org/isarray/download/isarray-2.0.5.tgz#8af1e4c1221244cc62459faf38940d4e644a5723"
    integrity sha1-ivHkwSISRMxiRZ+vOJQNTmRKVyM=
  
  jade@~1.11.0:
    version "1.11.0"
    resolved "https://registry.npm.taobao.org/jade/download/jade-1.11.0.tgz#9c80e538c12d3fb95c8d9bb9559fa0cc040405fd"
    integrity sha1-nIDlOMEtP7lcjZu5VZ+gzAQEBf0=
    dependencies:
      character-parser "1.2.1"
      clean-css "^3.1.9"
      commander "~2.6.0"
      constantinople "~3.0.1"
      jstransformer "0.0.2"
      mkdirp "~0.5.0"
      transformers "2.1.0"
      uglify-js "^2.4.19"
      void-elements "~2.0.1"
      with "~4.0.0"
  
  jsonwebtoken@^8.5.1:
    version "8.5.1"
    resolved "https://registry.npm.taobao.org/jsonwebtoken/download/jsonwebtoken-8.5.1.tgz#00e71e0b8df54c2121a1f26137df2280673bcc0d"
    integrity sha1-AOceC431TCEhofJhN98igGc7zA0=
    dependencies:
      jws "^3.2.2"
      lodash.includes "^4.3.0"
      lodash.isboolean "^3.0.3"
      lodash.isinteger "^4.0.4"
      lodash.isnumber "^3.0.3"
      lodash.isplainobject "^4.0.6"
      lodash.isstring "^4.0.1"
      lodash.once "^4.0.0"
      ms "^2.1.1"
      semver "^5.6.0"
  
  jstransformer@0.0.2:
    version "0.0.2"
    resolved "https://registry.npm.taobao.org/jstransformer/download/jstransformer-0.0.2.tgz#7aae29a903d196cfa0973d885d3e47947ecd76ab"
    integrity sha1-eq4pqQPRls+glz2IXT5HlH7Ndqs=
    dependencies:
      is-promise "^2.0.0"
      promise "^6.0.1"
  
  jwa@^1.4.1:
    version "1.4.1"
    resolved "https://registry.npm.taobao.org/jwa/download/jwa-1.4.1.tgz#743c32985cb9e98655530d53641b66c8645b039a"
    integrity sha1-dDwymFy56YZVUw1TZBtmyGRbA5o=
    dependencies:
      buffer-equal-constant-time "1.0.1"
      ecdsa-sig-formatter "1.0.11"
      safe-buffer "^5.0.1"
  
  jws@^3.2.2:
    version "3.2.2"
    resolved "https://registry.npm.taobao.org/jws/download/jws-3.2.2.tgz#001099f3639468c9414000e99995fa52fb478304"
    integrity sha1-ABCZ82OUaMlBQADpmZX6UvtHgwQ=
    dependencies:
      jwa "^1.4.1"
      safe-buffer "^5.0.1"
  
  kind-of@^3.0.2:
    version "3.2.2"
    resolved "https://registry.npm.taobao.org/kind-of/download/kind-of-3.2.2.tgz#31ea21a734bab9bbb0f32466d893aea51e4a3c64"
    integrity sha1-MeohpzS6ubuw8yRm2JOupR5KPGQ=
    dependencies:
      is-buffer "^1.1.5"
  
  lazy-cache@^1.0.3:
    version "1.0.4"
    resolved "https://registry.npm.taobao.org/lazy-cache/download/lazy-cache-1.0.4.tgz#a1d78fc3a50474cb80845d3b3b6e1da49a446e8e"
    integrity sha1-odePw6UEdMuAhF07O24dpJpEbo4=
  
  locate-path@^3.0.0:
    version "3.0.0"
    resolved "https://registry.npm.taobao.org/locate-path/download/locate-path-3.0.0.tgz#dbec3b3ab759758071b58fe59fc41871af21400e"
    integrity sha1-2+w7OrdZdYBxtY/ln8QYca8hQA4=
    dependencies:
      p-locate "^3.0.0"
      path-exists "^3.0.0"
  
  lodash.includes@^4.3.0:
    version "4.3.0"
    resolved "https://registry.npm.taobao.org/lodash.includes/download/lodash.includes-4.3.0.tgz#60bb98a87cb923c68ca1e51325483314849f553f"
    integrity sha1-YLuYqHy5I8aMoeUTJUgzFISfVT8=
  
  lodash.isboolean@^3.0.3:
    version "3.0.3"
    resolved "https://registry.npm.taobao.org/lodash.isboolean/download/lodash.isboolean-3.0.3.tgz#6c2e171db2a257cd96802fd43b01b20d5f5870f6"
    integrity sha1-bC4XHbKiV82WgC/UOwGyDV9YcPY=
  
  lodash.isinteger@^4.0.4:
    version "4.0.4"
    resolved "https://registry.npm.taobao.org/lodash.isinteger/download/lodash.isinteger-4.0.4.tgz#619c0af3d03f8b04c31f5882840b77b11cd68343"
    integrity sha1-YZwK89A/iwTDH1iChAt3sRzWg0M=
  
  lodash.isnumber@^3.0.3:
    version "3.0.3"
    resolved "https://registry.npm.taobao.org/lodash.isnumber/download/lodash.isnumber-3.0.3.tgz#3ce76810c5928d03352301ac287317f11c0b1ffc"
    integrity sha1-POdoEMWSjQM1IwGsKHMX8RwLH/w=
  
  lodash.isplainobject@^4.0.6:
    version "4.0.6"
    resolved "https://registry.npm.taobao.org/lodash.isplainobject/download/lodash.isplainobject-4.0.6.tgz#7c526a52d89b45c45cc690b88163be0497f550cb"
    integrity sha1-fFJqUtibRcRcxpC4gWO+BJf1UMs=
  
  lodash.isstring@^4.0.1:
    version "4.0.1"
    resolved "https://registry.npm.taobao.org/lodash.isstring/download/lodash.isstring-4.0.1.tgz#d527dfb5456eca7cc9bb95d5daeaf88ba54a5451"
    integrity sha1-1SfftUVuynzJu5XV2ur4i6VKVFE=
  
  lodash.once@^4.0.0:
    version "4.1.1"
    resolved "https://registry.npm.taobao.org/lodash.once/download/lodash.once-4.1.1.tgz#0dd3971213c7c56df880977d504c88fb471a97ac"
    integrity sha1-DdOXEhPHxW34gJd9UEyI+0cal6w=
  
  lodash@^4.15.0, lodash@^4.17.15, lodash@^4.17.20:
    version "4.17.20"
    resolved "https://registry.npm.taobao.org/lodash/download/lodash-4.17.20.tgz?cache=0&sync_timestamp=1597336125847&other_urls=https%3A%2F%2Fregistry.npm.taobao.org%2Flodash%2Fdownload%2Flodash-4.17.20.tgz#b44a9b6297bcb698f1c51a3545a2b3b368d59c52"
    integrity sha1-tEqbYpe8tpjxxRo1RaKzs2jVnFI=
  
  long@^4.0.0:
    version "4.0.0"
    resolved "https://registry.npm.taobao.org/long/download/long-4.0.0.tgz#9a7b71cfb7d361a194ea555241c92f7468d5bf28"
    integrity sha1-mntxz7fTYaGU6lVSQckvdGjVvyg=
  
  longest@^1.0.1:
    version "1.0.1"
    resolved "https://registry.npm.taobao.org/longest/download/longest-1.0.1.tgz#30a0b2da38f73770e8294a0d22e6625ed77d0097"
    integrity sha1-MKCy2jj3N3DoKUoNIuZiXtd9AJc=
  
  lru-cache@^4.1.3:
    version "4.1.5"
    resolved "https://registry.npm.taobao.org/lru-cache/download/lru-cache-4.1.5.tgz#8bbe50ea85bed59bc9e33dcab8235ee9bcf443cd"
    integrity sha1-i75Q6oW+1ZvJ4z3KuCNe6bz0Q80=
    dependencies:
      pseudomap "^1.0.2"
      yallist "^2.1.2"
  
  lru-cache@^6.0.0:
    version "6.0.0"
    resolved "https://registry.npm.taobao.org/lru-cache/download/lru-cache-6.0.0.tgz#6d6fe6570ebd96aaf90fcad1dafa3b2566db3a94"
    integrity sha1-bW/mVw69lqr5D8rR2vo7JWbbOpQ=
    dependencies:
      yallist "^4.0.0"
  
  md5@^2.3.0:
    version "2.3.0"
    resolved "https://registry.npm.taobao.org/md5/download/md5-2.3.0.tgz#c3da9a6aae3a30b46b7b0c349b87b110dc3bda4f"
    integrity sha1-w9qaaq46MLRreww0m4exENw72k8=
    dependencies:
      charenc "0.0.2"
      crypt "0.0.2"
      is-buffer "~1.1.6"
  
  media-typer@0.3.0:
    version "0.3.0"
    resolved "https://registry.yarnpkg.com/media-typer/-/media-typer-0.3.0.tgz#8710d7af0aa626f8fffa1ce00168545263255748"
    integrity sha1-hxDXrwqmJvj/+hzgAWhUUmMlV0g=
  
  merge-descriptors@1.0.1:
    version "1.0.1"
    resolved "https://registry.yarnpkg.com/merge-descriptors/-/merge-descriptors-1.0.1.tgz#b00aaa556dd8b44568150ec9d1b953f3f90cbb61"
    integrity sha1-sAqqVW3YtEVoFQ7J0blT8/kMu2E=
  
  methods@~1.1.2:
    version "1.1.2"
    resolved "https://registry.yarnpkg.com/methods/-/methods-1.1.2.tgz#5529a4d67654134edcc5266656835b0f851afcee"
    integrity sha1-VSmk1nZUE07cxSZmVoNbD4Ua/O4=
  
  micromatch@^4.0.2:
    version "4.0.2"
    resolved "https://registry.npm.taobao.org/micromatch/download/micromatch-4.0.2.tgz#4fcb0999bf9fbc2fcbdd212f6d629b9a56c39259"
    integrity sha1-T8sJmb+fvC/L3SEvbWKbmlbDklk=
    dependencies:
      braces "^3.0.1"
      picomatch "^2.0.5"
  
  mime-db@1.44.0:
    version "1.44.0"
    resolved "https://registry.yarnpkg.com/mime-db/-/mime-db-1.44.0.tgz#fa11c5eb0aca1334b4233cb4d52f10c5a6272f92"
    integrity sha512-/NOTfLrsPBVeH7YtFPgsVWveuL+4SjjYxaQ1xtM1KMFj7HdxlBlxeyNLzhyJVx7r4rZGJAZ/6lkKCitSc/Nmpg==
  
  mime-types@~2.1.24:
    version "2.1.27"
    resolved "https://registry.yarnpkg.com/mime-types/-/mime-types-2.1.27.tgz#47949f98e279ea53119f5722e0f34e529bec009f"
    integrity sha512-JIhqnCasI9yD+SsmkquHBxTSEuZdQX5BuQnS2Vc7puQQQ+8yiP5AY5uWhpdv4YL4VM5c6iliiYWPgJ/nJQLp7w==
    dependencies:
      mime-db "1.44.0"
  
  mime@1.4.1:
    version "1.4.1"
    resolved "https://registry.npm.taobao.org/mime/download/mime-1.4.1.tgz#121f9ebc49e3766f311a76e1fa1c8003c4b03aa6"
    integrity sha1-Eh+evEnjdm8xGnbh+hyAA8SwOqY=
  
  minimist@^1.2.5:
    version "1.2.5"
    resolved "https://registry.npm.taobao.org/minimist/download/minimist-1.2.5.tgz#67d66014b66a6a8aaa0c083c5fd58df4e4e97602"
    integrity sha1-Z9ZgFLZqaoqqDAg8X9WN9OTpdgI=
  
  mkdirp@~0.5.0:
    version "0.5.5"
    resolved "https://registry.npm.taobao.org/mkdirp/download/mkdirp-0.5.5.tgz#d91cefd62d1436ca0f41620e251288d420099def"
    integrity sha1-2Rzv1i0UNsoPQWIOJRKI1CAJne8=
    dependencies:
      minimist "^1.2.5"
  
  moment-timezone@^0.5.31:
    version "0.5.32"
    resolved "https://registry.npm.taobao.org/moment-timezone/download/moment-timezone-0.5.32.tgz?cache=0&sync_timestamp=1605362752878&other_urls=https%3A%2F%2Fregistry.npm.taobao.org%2Fmoment-timezone%2Fdownload%2Fmoment-timezone-0.5.32.tgz#db7677cc3cc680fd30303ebd90b0da1ca0dfecc2"
    integrity sha1-23Z3zDzGgP0wMD69kLDaHKDf7MI=
    dependencies:
      moment ">= 2.9.0"
  
  "moment@>= 2.9.0", moment@^2.26.0, moment@^2.29.1:
    version "2.29.1"
    resolved "https://registry.npm.taobao.org/moment/download/moment-2.29.1.tgz?cache=0&sync_timestamp=1601983320283&other_urls=https%3A%2F%2Fregistry.npm.taobao.org%2Fmoment%2Fdownload%2Fmoment-2.29.1.tgz#b2be769fa31940be9eeea6469c075e35006fa3d3"
    integrity sha1-sr52n6MZQL6e7qZGnAdeNQBvo9M=
  
  morgan@~1.9.1:
    version "1.9.1"
    resolved "https://registry.npm.taobao.org/morgan/download/morgan-1.9.1.tgz#0a8d16734a1d9afbc824b99df87e738e58e2da59"
    integrity sha1-Co0Wc0odmvvIJLmd+H5zjlji2lk=
    dependencies:
      basic-auth "~2.0.0"
      debug "2.6.9"
      depd "~1.1.2"
      on-finished "~2.3.0"
      on-headers "~1.0.1"
  
  ms@2.0.0:
    version "2.0.0"
    resolved "https://registry.yarnpkg.com/ms/-/ms-2.0.0.tgz#5608aeadfc00be6c2901df5f9861788de0d597c8"
    integrity sha1-VgiurfwAvmwpAd9fmGF4jeDVl8g=
  
  ms@2.1.2:
    version "2.1.2"
    resolved "https://registry.npm.taobao.org/ms/download/ms-2.1.2.tgz?cache=0&sync_timestamp=1607433872491&other_urls=https%3A%2F%2Fregistry.npm.taobao.org%2Fms%2Fdownload%2Fms-2.1.2.tgz#d09d1f357b443f493382a8eb3ccd183872ae6009"
    integrity sha1-0J0fNXtEP0kzgqjrPM0YOHKuYAk=
  
  ms@^2.1.1:
    version "2.1.3"
    resolved "https://registry.npm.taobao.org/ms/download/ms-2.1.3.tgz?cache=0&sync_timestamp=1607433872491&other_urls=https%3A%2F%2Fregistry.npm.taobao.org%2Fms%2Fdownload%2Fms-2.1.3.tgz#574c8138ce1d2b5861f0b44579dbadd60c6615b2"
    integrity sha1-V0yBOM4dK1hh8LRFedut1gxmFbI=
  
  mysql2@^2.2.5:
    version "2.2.5"
    resolved "https://registry.npm.taobao.org/mysql2/download/mysql2-2.2.5.tgz#72624ffb4816f80f96b9c97fedd8c00935f9f340"
    integrity sha1-cmJP+0gW+A+Wucl/7djACTX580A=
    dependencies:
      denque "^1.4.1"
      generate-function "^2.3.1"
      iconv-lite "^0.6.2"
      long "^4.0.0"
      lru-cache "^6.0.0"
      named-placeholders "^1.1.2"
      seq-queue "^0.0.5"
      sqlstring "^2.3.2"
  
  named-placeholders@^1.1.2:
    version "1.1.2"
    resolved "https://registry.npm.taobao.org/named-placeholders/download/named-placeholders-1.1.2.tgz#ceb1fbff50b6b33492b5cf214ccf5e39cef3d0e8"
    integrity sha1-zrH7/1C2szSStc8hTM9eOc7z0Og=
    dependencies:
      lru-cache "^4.1.3"
  
  negotiator@0.6.2:
    version "0.6.2"
    resolved "https://registry.yarnpkg.com/negotiator/-/negotiator-0.6.2.tgz#feacf7ccf525a77ae9634436a64883ffeca346fb"
    integrity sha512-hZXc7K2e+PgeI1eDBe/10Ard4ekbfrrqG8Ep+8Jmf4JID2bNg7NvCPOZN+kfF574pFQI7mum2AUqDidoKqcTOw==
  
  nth-check@~1.0.1:
    version "1.0.2"
    resolved "https://registry.npm.taobao.org/nth-check/download/nth-check-1.0.2.tgz?cache=0&sync_timestamp=1606860664533&other_urls=https%3A%2F%2Fregistry.npm.taobao.org%2Fnth-check%2Fdownload%2Fnth-check-1.0.2.tgz#b2bd295c37e3dd58a3bf0700376663ba4d9cf05c"
    integrity sha1-sr0pXDfj3VijvwcAN2Zjuk2c8Fw=
    dependencies:
      boolbase "~1.0.0"
  
  object-assign@^4:
    version "4.1.1"
    resolved "https://registry.npm.taobao.org/object-assign/download/object-assign-4.1.1.tgz#2109adc7965887cfc05cbbd442cac8bfbb360863"
    integrity sha1-IQmtx5ZYh8/AXLvUQsrIv7s2CGM=
  
  on-finished@~2.3.0:
    version "2.3.0"
    resolved "https://registry.yarnpkg.com/on-finished/-/on-finished-2.3.0.tgz#20f1336481b083cd75337992a16971aa2d906947"
    integrity sha1-IPEzZIGwg811M3mSoWlxqi2QaUc=
    dependencies:
      ee-first "1.1.1"
  
  on-headers@~1.0.1:
    version "1.0.2"
    resolved "https://registry.npm.taobao.org/on-headers/download/on-headers-1.0.2.tgz#772b0ae6aaa525c399e489adfad90c403eb3c28f"
    integrity sha1-dysK5qqlJcOZ5Imt+tkMQD6zwo8=
  
  opentype.js@^0.7.3:
    version "0.7.3"
    resolved "https://registry.npm.taobao.org/opentype.js/download/opentype.js-0.7.3.tgz#40fb8ce18bfd60e74448efdfe442834098397aab"
    integrity sha1-QPuM4Yv9YOdESO/f5EKDQJg5eqs=
    dependencies:
      tiny-inflate "^1.0.2"
  
  optimist@~0.3.5:
    version "0.3.7"
    resolved "https://registry.npm.taobao.org/optimist/download/optimist-0.3.7.tgz?cache=0&sync_timestamp=1596722143765&other_urls=https%3A%2F%2Fregistry.npm.taobao.org%2Foptimist%2Fdownload%2Foptimist-0.3.7.tgz#c90941ad59e4273328923074d2cf2e7cbc6ec0d9"
    integrity sha1-yQlBrVnkJzMokjB00s8ufLxuwNk=
    dependencies:
      wordwrap "~0.0.2"
  
  p-limit@^2.0.0:
    version "2.3.0"
    resolved "https://registry.npm.taobao.org/p-limit/download/p-limit-2.3.0.tgz?cache=0&sync_timestamp=1606288352885&other_urls=https%3A%2F%2Fregistry.npm.taobao.org%2Fp-limit%2Fdownload%2Fp-limit-2.3.0.tgz#3dd33c647a214fdfffd835933eb086da0dc21db1"
    integrity sha1-PdM8ZHohT9//2DWTPrCG2g3CHbE=
    dependencies:
      p-try "^2.0.0"
  
  p-locate@^3.0.0:
    version "3.0.0"
    resolved "https://registry.npm.taobao.org/p-locate/download/p-locate-3.0.0.tgz?cache=0&sync_timestamp=1597081605529&other_urls=https%3A%2F%2Fregistry.npm.taobao.org%2Fp-locate%2Fdownload%2Fp-locate-3.0.0.tgz#322d69a05c0264b25997d9f40cd8a891ab0064a4"
    integrity sha1-Mi1poFwCZLJZl9n0DNiokasAZKQ=
    dependencies:
      p-limit "^2.0.0"
  
  p-try@^2.0.0:
    version "2.2.0"
    resolved "https://registry.npm.taobao.org/p-try/download/p-try-2.2.0.tgz#cb2868540e313d61de58fafbe35ce9004d5540e6"
    integrity sha1-yyhoVA4xPWHeWPr741zpAE1VQOY=
  
  parse5@^3.0.1:
    version "3.0.3"
    resolved "https://registry.npm.taobao.org/parse5/download/parse5-3.0.3.tgz#042f792ffdd36851551cf4e9e066b3874ab45b5c"
    integrity sha1-BC95L/3TaFFVHPTp4Gazh0q0W1w=
    dependencies:
      "@types/node" "*"
  
  parseurl@~1.3.2:
    version "1.3.3"
    resolved "https://registry.npm.taobao.org/parseurl/download/parseurl-1.3.3.tgz#9da19e7bee8d12dff0513ed5b76957793bc2e8d4"
    integrity sha1-naGee+6NEt/wUT7Vt2lXeTvC6NQ=
  
  path-exists@^3.0.0:
    version "3.0.0"
    resolved "https://registry.npm.taobao.org/path-exists/download/path-exists-3.0.0.tgz#ce0ebeaa5f78cb18925ea7d810d7b59b010fd515"
    integrity sha1-zg6+ql94yxiSXqfYENe1mwEP1RU=
  
  path-to-regexp@0.1.7:
    version "0.1.7"
    resolved "https://registry.yarnpkg.com/path-to-regexp/-/path-to-regexp-0.1.7.tgz#df604178005f522f15eb4490e7247a1bfaa67f8c"
    integrity sha1-32BBeABfUi8V60SQ5yR6G/qmf4w=
  
  picomatch@^2.0.5:
    version "2.2.2"
    resolved "https://registry.npm.taobao.org/picomatch/download/picomatch-2.2.2.tgz#21f333e9b6b8eaff02468f5146ea406d345f4dad"
    integrity sha1-IfMz6ba46v8CRo9RRupAbTRfTa0=
  
  pngjs@^3.3.0:
    version "3.4.0"
    resolved "https://registry.npm.taobao.org/pngjs/download/pngjs-3.4.0.tgz?cache=0&sync_timestamp=1603548566507&other_urls=https%3A%2F%2Fregistry.npm.taobao.org%2Fpngjs%2Fdownload%2Fpngjs-3.4.0.tgz#99ca7d725965fb655814eaf65f38f12bbdbf555f"
    integrity sha1-mcp9clll+2VYFOr2XzjxK72/VV8=
  
  promise@^6.0.1:
    version "6.1.0"
    resolved "https://registry.npm.taobao.org/promise/download/promise-6.1.0.tgz#2ce729f6b94b45c26891ad0602c5c90e04c6eef6"
    integrity sha1-LOcp9rlLRcJoka0GAsXJDgTG7vY=
    dependencies:
      asap "~1.0.0"
  
  promise@~2.0:
    version "2.0.0"
    resolved "https://registry.npm.taobao.org/promise/download/promise-2.0.0.tgz#46648aa9d605af5d2e70c3024bf59436da02b80e"
    integrity sha1-RmSKqdYFr10ucMMCS/WUNtoCuA4=
    dependencies:
      is-promise "~1"
  
  proxy-addr@~2.0.4:
    version "2.0.6"
    resolved "https://registry.npm.taobao.org/proxy-addr/download/proxy-addr-2.0.6.tgz#fdc2336505447d3f2f2c638ed272caf614bbb2bf"
    integrity sha1-/cIzZQVEfT8vLGOO0nLK9hS7sr8=
    dependencies:
      forwarded "~0.1.2"
      ipaddr.js "1.9.1"
  
  pseudomap@^1.0.2:
    version "1.0.2"
    resolved "https://registry.npm.taobao.org/pseudomap/download/pseudomap-1.0.2.tgz#f052a28da70e618917ef0a8ac34c1ae5a68286b3"
    integrity sha1-8FKijacOYYkX7wqKw0wa5aaChrM=
  
  psl@^1.1.7:
    version "1.8.0"
    resolved "https://registry.npm.taobao.org/psl/download/psl-1.8.0.tgz#9326f8bcfb013adcc005fdff056acce020e51c24"
    integrity sha1-kyb4vPsBOtzABf3/BWrM4CDlHCQ=
  
  qrcode@^1.4.4:
    version "1.4.4"
    resolved "https://registry.npm.taobao.org/qrcode/download/qrcode-1.4.4.tgz#f0c43568a7e7510a55efc3b88d9602f71963ea83"
    integrity sha1-8MQ1aKfnUQpV78O4jZYC9xlj6oM=
    dependencies:
      buffer "^5.4.3"
      buffer-alloc "^1.2.0"
      buffer-from "^1.1.1"
      dijkstrajs "^1.0.1"
      isarray "^2.0.1"
      pngjs "^3.3.0"
      yargs "^13.2.4"
  
  qs@6.5.2:
    version "6.5.2"
    resolved "https://registry.npm.taobao.org/qs/download/qs-6.5.2.tgz#cb3ae806e8740444584ef154ce8ee98d403f3e36"
    integrity sha1-yzroBuh0BERYTvFUzo7pjUA/PjY=
  
  range-parser@~1.2.0:
    version "1.2.1"
    resolved "https://registry.npm.taobao.org/range-parser/download/range-parser-1.2.1.tgz#3cf37023d199e1c24d1a55b84800c2f3e6468031"
    integrity sha1-PPNwI9GZ4cJNGlW4SADC8+ZGgDE=
  
  raw-body@2.3.3:
    version "2.3.3"
    resolved "https://registry.npm.taobao.org/raw-body/download/raw-body-2.3.3.tgz#1b324ece6b5706e153855bc1148c65bb7f6ea0c3"
    integrity sha1-GzJOzmtXBuFThVvBFIxlu39uoMM=
    dependencies:
      bytes "3.0.0"
      http-errors "1.6.3"
      iconv-lite "0.4.23"
      unpipe "1.0.0"
  
  readable-stream@^3.1.1:
    version "3.6.0"
    resolved "https://registry.npm.taobao.org/readable-stream/download/readable-stream-3.6.0.tgz#337bbda3adc0706bd3e024426a286d4b4b2c9198"
    integrity sha1-M3u9o63AcGvT4CRCaihtS0sskZg=
    dependencies:
      inherits "^2.0.3"
      string_decoder "^1.1.1"
      util-deprecate "^1.0.1"
  
  repeat-string@^1.5.2:
    version "1.6.1"
    resolved "https://registry.npm.taobao.org/repeat-string/download/repeat-string-1.6.1.tgz#8dcae470e1c88abc2d600fff4a776286da75e637"
    integrity sha1-jcrkcOHIirwtYA//Sndihtp15jc=
  
  require-directory@^2.1.1:
    version "2.1.1"
    resolved "https://registry.npm.taobao.org/require-directory/download/require-directory-2.1.1.tgz#8c64ad5fd30dab1c976e2344ffe7f792a6a6df42"
    integrity sha1-jGStX9MNqxyXbiNE/+f3kqam30I=
  
  require-main-filename@^2.0.0:
    version "2.0.0"
    resolved "https://registry.npm.taobao.org/require-main-filename/download/require-main-filename-2.0.0.tgz#d0b329ecc7cc0f61649f62215be69af54aa8989b"
    integrity sha1-0LMp7MfMD2Fkn2IhW+aa9UqomJs=
  
  requires-port@^1.0.0:
    version "1.0.0"
    resolved "https://registry.npm.taobao.org/requires-port/download/requires-port-1.0.0.tgz#925d2601d39ac485e091cf0da5c6e694dc3dcaff"
    integrity sha1-kl0mAdOaxIXgkc8NpcbmlNw9yv8=
  
  retry-as-promised@^3.2.0:
    version "3.2.0"
    resolved "https://registry.npm.taobao.org/retry-as-promised/download/retry-as-promised-3.2.0.tgz#769f63d536bec4783549db0777cb56dadd9d8543"
    integrity sha1-dp9j1Ta+xHg1SdsHd8tW2t2dhUM=
    dependencies:
      any-promise "^1.3.0"
  
  right-align@^0.1.1:
    version "0.1.3"
    resolved "https://registry.npm.taobao.org/right-align/download/right-align-0.1.3.tgz#61339b722fe6a3515689210d24e14c96148613ef"
    integrity sha1-YTObci/mo1FWiSENJOFMlhSGE+8=
    dependencies:
      align-text "^0.1.1"
  
  safe-buffer@5.1.2:
    version "5.1.2"
    resolved "https://registry.yarnpkg.com/safe-buffer/-/safe-buffer-5.1.2.tgz#991ec69d296e0313747d59bdfd2b745c35f8828d"
    integrity sha512-Gd2UZBJDkXlY7GbJxfsE8/nvKkUEU1G38c1siN6QP6a9PT9MmHB8GnpscSmMJSoF8LOIrt8ud/wPtojys4G6+g==
  
  safe-buffer@^5.0.1, safe-buffer@~5.2.0:
    version "5.2.1"
    resolved "https://registry.npm.taobao.org/safe-buffer/download/safe-buffer-5.2.1.tgz#1eaf9fa9bdb1fdd4ec75f58f9cdb4e6b7827eec6"
    integrity sha1-Hq+fqb2x/dTsdfWPnNtOa3gn7sY=
  
  "safer-buffer@>= 2.1.2 < 3", "safer-buffer@>= 2.1.2 < 3.0.0":
    version "2.1.2"
    resolved "https://registry.yarnpkg.com/safer-buffer/-/safer-buffer-2.1.2.tgz#44fa161b0187b9549dd84bb91802f9bd8385cd6a"
    integrity sha512-YZo3K82SD7Riyi0E1EQPojLz7kpepnSQI9IyPbHHg1XXXevb5dJI7tpyN2ADxGcQbHG7vcyRHk0cbwqcQriUtg==
  
  semver@^5.6.0:
    version "5.7.1"
    resolved "https://registry.npm.taobao.org/semver/download/semver-5.7.1.tgz?cache=0&sync_timestamp=1606854810932&other_urls=https%3A%2F%2Fregistry.npm.taobao.org%2Fsemver%2Fdownload%2Fsemver-5.7.1.tgz#a954f931aeba508d307bbf069eff0c01c96116f7"
    integrity sha1-qVT5Ma66UI0we78Gnv8MAclhFvc=
  
  semver@^7.3.2:
    version "7.3.4"
    resolved "https://registry.npm.taobao.org/semver/download/semver-7.3.4.tgz?cache=0&sync_timestamp=1606854810932&other_urls=https%3A%2F%2Fregistry.npm.taobao.org%2Fsemver%2Fdownload%2Fsemver-7.3.4.tgz#27aaa7d2e4ca76452f98d3add093a72c943edc97"
    integrity sha1-J6qn0uTKdkUvmNOt0JOnLJQ+3Jc=
    dependencies:
      lru-cache "^6.0.0"
  
  send@0.16.2:
    version "0.16.2"
    resolved "https://registry.npm.taobao.org/send/download/send-0.16.2.tgz#6ecca1e0f8c156d141597559848df64730a6bbc1"
    integrity sha1-bsyh4PjBVtFBWXVZhI32RzCmu8E=
    dependencies:
      debug "2.6.9"
      depd "~1.1.2"
      destroy "~1.0.4"
      encodeurl "~1.0.2"
      escape-html "~1.0.3"
      etag "~1.8.1"
      fresh "0.5.2"
      http-errors "~1.6.2"
      mime "1.4.1"
      ms "2.0.0"
      on-finished "~2.3.0"
      range-parser "~1.2.0"
      statuses "~1.4.0"
  
  seq-queue@^0.0.5:
    version "0.0.5"
    resolved "https://registry.npm.taobao.org/seq-queue/download/seq-queue-0.0.5.tgz#d56812e1c017a6e4e7c3e3a37a1da6d78dd3c93e"
    integrity sha1-1WgS4cAXpuTnw+Ojeh2m143TyT4=
  
  sequelize-pool@^6.0.0:
    version "6.1.0"
    resolved "https://registry.npm.taobao.org/sequelize-pool/download/sequelize-pool-6.1.0.tgz#caaa0c1e324d3c2c3a399fed2c7998970925d668"
    integrity sha1-yqoMHjJNPCw6OZ/tLHmYlwkl1mg=
  
  sequelize@^6.3.5:
    version "6.3.5"
    resolved "https://registry.npm.taobao.org/sequelize/download/sequelize-6.3.5.tgz?cache=0&sync_timestamp=1598980714061&other_urls=https%3A%2F%2Fregistry.npm.taobao.org%2Fsequelize%2Fdownload%2Fsequelize-6.3.5.tgz#80e3db7ac8b76d98c45ca93334197eb6e2335158"
    integrity sha1-gOPbesi3bZjEXKkzNBl+tuIzUVg=
    dependencies:
      debug "^4.1.1"
      dottie "^2.0.0"
      inflection "1.12.0"
      lodash "^4.17.15"
      moment "^2.26.0"
      moment-timezone "^0.5.31"
      retry-as-promised "^3.2.0"
      semver "^7.3.2"
      sequelize-pool "^6.0.0"
      toposort-class "^1.0.1"
      uuid "^8.1.0"
      validator "^10.11.0"
      wkx "^0.5.0"
  
  serve-static@1.13.2:
    version "1.13.2"
    resolved "https://registry.npm.taobao.org/serve-static/download/serve-static-1.13.2.tgz#095e8472fd5b46237db50ce486a43f4b86c6cec1"
    integrity sha1-CV6Ecv1bRiN9tQzkhqQ/S4bGzsE=
    dependencies:
      encodeurl "~1.0.2"
      escape-html "~1.0.3"
      parseurl "~1.3.2"
      send "0.16.2"
  
  set-blocking@^2.0.0:
    version "2.0.0"
    resolved "https://registry.npm.taobao.org/set-blocking/download/set-blocking-2.0.0.tgz#045f9782d011ae9a6803ddd382b24392b3d890f7"
    integrity sha1-BF+XgtARrppoA93TgrJDkrPYkPc=
  
  setprototypeof@1.1.0:
    version "1.1.0"
    resolved "https://registry.npm.taobao.org/setprototypeof/download/setprototypeof-1.1.0.tgz#d0bd85536887b6fe7c0d818cb962d9d91c54e656"
    integrity sha1-0L2FU2iHtv58DYGMuWLZ2RxU5lY=
  
  source-map@0.4.x:
    version "0.4.4"
    resolved "https://registry.npm.taobao.org/source-map/download/source-map-0.4.4.tgz#eba4f5da9c0dc999de68032d8b4f76173652036b"
    integrity sha1-66T12pwNyZneaAMti092FzZSA2s=
    dependencies:
      amdefine ">=0.0.4"
  
  source-map@~0.1.7:
    version "0.1.43"
    resolved "https://registry.npm.taobao.org/source-map/download/source-map-0.1.43.tgz#c24bc146ca517c1471f5dacbe2571b2b7f9e3346"
    integrity sha1-wkvBRspRfBRx9drL4lcbK3+eM0Y=
    dependencies:
      amdefine ">=0.0.4"
  
  source-map@~0.5.1:
    version "0.5.7"
    resolved "https://registry.npm.taobao.org/source-map/download/source-map-0.5.7.tgz#8a039d2d1021d22d1ea14c80d8ea468ba2ef3fcc"
    integrity sha1-igOdLRAh0i0eoUyA2OpGi6LvP8w=
  
  sqlstring@^2.3.2:
    version "2.3.2"
    resolved "https://registry.npm.taobao.org/sqlstring/download/sqlstring-2.3.2.tgz#cdae7169389a1375b18e885f2e60b3e460809514"
    integrity sha1-za5xaTiaE3WxjohfLmCz5GCAlRQ=
  
  "statuses@>= 1.4.0 < 2":
    version "1.5.0"
    resolved "https://registry.npm.taobao.org/statuses/download/statuses-1.5.0.tgz#161c7dac177659fd9811f43771fa99381478628c"
    integrity sha1-Fhx9rBd2Wf2YEfQ3cfqZOBR4Yow=
  
  statuses@~1.4.0:
    version "1.4.0"
    resolved "https://registry.npm.taobao.org/statuses/download/statuses-1.4.0.tgz#bb73d446da2796106efcc1b601a253d6c46bd087"
    integrity sha1-u3PURtonlhBu/MG2AaJT1sRr0Ic=
  
  string-width@^3.0.0, string-width@^3.1.0:
    version "3.1.0"
    resolved "https://registry.npm.taobao.org/string-width/download/string-width-3.1.0.tgz#22767be21b62af1081574306f69ac51b62203961"
    integrity sha1-InZ74htirxCBV0MG9prFG2IgOWE=
    dependencies:
      emoji-regex "^7.0.1"
      is-fullwidth-code-point "^2.0.0"
      strip-ansi "^5.1.0"
  
  string_decoder@^1.1.1:
    version "1.3.0"
    resolved "https://registry.npm.taobao.org/string_decoder/download/string_decoder-1.3.0.tgz#42f114594a46cf1a8e30b0a84f56c78c3edac21e"
    integrity sha1-QvEUWUpGzxqOMLCoT1bHjD7awh4=
    dependencies:
      safe-buffer "~5.2.0"
  
  strip-ansi@^5.0.0, strip-ansi@^5.1.0, strip-ansi@^5.2.0:
    version "5.2.0"
    resolved "https://registry.npm.taobao.org/strip-ansi/download/strip-ansi-5.2.0.tgz#8c9a536feb6afc962bdfa5b104a5091c1ad9c0ae"
    integrity sha1-jJpTb+tq/JYr36WxBKUJHBrZwK4=
    dependencies:
      ansi-regex "^4.1.0"
  
  svg-captcha@^1.4.0:
    version "1.4.0"
    resolved "https://registry.npm.taobao.org/svg-captcha/download/svg-captcha-1.4.0.tgz#32ead3c6463936c218bb3bc9ed04fea4eeffe492"
    integrity sha1-MurTxkY5NsIYuzvJ7QT+pO7/5JI=
    dependencies:
      opentype.js "^0.7.3"
  
  tiny-inflate@^1.0.2:
    version "1.0.3"
    resolved "https://registry.npm.taobao.org/tiny-inflate/download/tiny-inflate-1.0.3.tgz#122715494913a1805166aaf7c93467933eea26c4"
    integrity sha1-EicVSUkToYBRZqr3yTRnkz7qJsQ=
  
  to-regex-range@^5.0.1:
    version "5.0.1"
    resolved "https://registry.npm.taobao.org/to-regex-range/download/to-regex-range-5.0.1.tgz#1648c44aae7c8d988a326018ed72f5b4dd0392e4"
    integrity sha1-FkjESq58jZiKMmAY7XL1tN0DkuQ=
    dependencies:
      is-number "^7.0.0"
  
  toposort-class@^1.0.1:
    version "1.0.1"
    resolved "https://registry.npm.taobao.org/toposort-class/download/toposort-class-1.0.1.tgz#7ffd1f78c8be28c3ba45cd4e1a3f5ee193bd9988"
    integrity sha1-f/0feMi+KMO6Rc1OGj9e4ZO9mYg=
  
  transformers@2.1.0:
    version "2.1.0"
    resolved "https://registry.npm.taobao.org/transformers/download/transformers-2.1.0.tgz#5d23cb35561dd85dc67fb8482309b47d53cce9a7"
    integrity sha1-XSPLNVYd2F3Gf7hIIwm0fVPM6ac=
    dependencies:
      css "~1.0.8"
      promise "~2.0"
      uglify-js "~2.2.5"
  
  type-is@~1.6.16:
    version "1.6.18"
    resolved "https://registry.npm.taobao.org/type-is/download/type-is-1.6.18.tgz#4e552cd05df09467dcbc4ef739de89f2cf37c131"
    integrity sha1-TlUs0F3wlGfcvE73Od6J8s83wTE=
    dependencies:
      media-typer "0.3.0"
      mime-types "~2.1.24"
  
  typecast@0.0.1:
    version "0.0.1"
    resolved "https://registry.npm.taobao.org/typecast/download/typecast-0.0.1.tgz#fffb75dcb6bdf1def8e293b6b6e893d6c1ed19de"
    integrity sha1-//t13La98d744pO2tuiT1sHtGd4=
  
  uglify-js@^2.4.19:
    version "2.8.29"
    resolved "https://registry.npm.taobao.org/uglify-js/download/uglify-js-2.8.29.tgz#29c5733148057bb4e1f75df35b7a9cb72e6a59dd"
    integrity sha1-KcVzMUgFe7Th913zW3qcty5qWd0=
    dependencies:
      source-map "~0.5.1"
      yargs "~3.10.0"
    optionalDependencies:
      uglify-to-browserify "~1.0.0"
  
  uglify-js@~2.2.5:
    version "2.2.5"
    resolved "https://registry.npm.taobao.org/uglify-js/download/uglify-js-2.2.5.tgz#a6e02a70d839792b9780488b7b8b184c095c99c7"
    integrity sha1-puAqcNg5eSuXgEiLe4sYTAlcmcc=
    dependencies:
      optimist "~0.3.5"
      source-map "~0.1.7"
  
  uglify-to-browserify@~1.0.0:
    version "1.0.2"
    resolved "https://registry.npm.taobao.org/uglify-to-browserify/download/uglify-to-browserify-1.0.2.tgz#6e0924d6bda6b5afe349e39a6d632850a0f882b7"
    integrity sha1-bgkk1r2mta/jSeOabWMoUKD4grc=
  
  unpipe@1.0.0, unpipe@~1.0.0:
    version "1.0.0"
    resolved "https://registry.yarnpkg.com/unpipe/-/unpipe-1.0.0.tgz#b2bf4ee8514aae6165b4817829d21b2ef49904ec"
    integrity sha1-sr9O6FFKrmFltIF4KdIbLvSZBOw=
  
  util-deprecate@^1.0.1:
    version "1.0.2"
    resolved "https://registry.npm.taobao.org/util-deprecate/download/util-deprecate-1.0.2.tgz#450d4dc9fa70de732762fbd2d4a28981419a0ccf"
    integrity sha1-RQ1Nyfpw3nMnYvvS1KKJgUGaDM8=
  
  utils-merge@1.0.1:
    version "1.0.1"
    resolved "https://registry.yarnpkg.com/utils-merge/-/utils-merge-1.0.1.tgz#9f95710f50a267947b2ccc124741c1028427e713"
    integrity sha1-n5VxD1CiZ5R7LMwSR0HBAoQn5xM=
  
  uuid@^8.1.0:
    version "8.3.2"
    resolved "https://registry.npm.taobao.org/uuid/download/uuid-8.3.2.tgz?cache=0&sync_timestamp=1607458532020&other_urls=https%3A%2F%2Fregistry.npm.taobao.org%2Fuuid%2Fdownload%2Fuuid-8.3.2.tgz#80d5b5ced271bb9af6c445f21a1a04c606cefbe2"
    integrity sha1-gNW1ztJxu5r2xEXyGhoExgbO++I=
  
  validate@^5.1.0:
    version "5.1.0"
    resolved "https://registry.npm.taobao.org/validate/download/validate-5.1.0.tgz#12d685e346067646cba491b27994ad98b6319fce"
    integrity sha1-EtaF40YGdkbLpJGyeZStmLYxn84=
    dependencies:
      component-type "1.2.1"
      eivindfjeldstad-dot "0.0.1"
      typecast "0.0.1"
  
  validator@^10.11.0:
    version "10.11.0"
    resolved "https://registry.npm.taobao.org/validator/download/validator-10.11.0.tgz?cache=0&sync_timestamp=1607605039381&other_urls=https%3A%2F%2Fregistry.npm.taobao.org%2Fvalidator%2Fdownload%2Fvalidator-10.11.0.tgz#003108ea6e9a9874d31ccc9e5006856ccd76b228"
    integrity sha1-ADEI6m6amHTTHMyeUAaFbM12sig=
  
  vary@^1, vary@~1.1.2:
    version "1.1.2"
    resolved "https://registry.yarnpkg.com/vary/-/vary-1.1.2.tgz#2299f02c6ded30d4a5961b0b9f74524a18f634fc"
    integrity sha1-IpnwLG3tMNSllhsLn3RSShj2NPw=
  
  void-elements@~2.0.1:
    version "2.0.1"
    resolved "https://registry.npm.taobao.org/void-elements/download/void-elements-2.0.1.tgz#c066afb582bb1cb4128d60ea92392e94d5e9dbec"
    integrity sha1-wGavtYK7HLQSjWDqkjkulNXp2+w=
  
  which-module@^2.0.0:
    version "2.0.0"
    resolved "https://registry.npm.taobao.org/which-module/download/which-module-2.0.0.tgz#d9ef07dce77b9902b8a3a8fa4b31c3e3f7e6e87a"
    integrity sha1-2e8H3Od7mQK4o6j6SzHD4/fm6Ho=
  
  window-size@0.1.0:
    version "0.1.0"
    resolved "https://registry.npm.taobao.org/window-size/download/window-size-0.1.0.tgz#5438cd2ea93b202efa3a19fe8887aee7c94f9c9d"
    integrity sha1-VDjNLqk7IC76Ohn+iIeu58lPnJ0=
  
  with@~4.0.0:
    version "4.0.3"
    resolved "https://registry.npm.taobao.org/with/download/with-4.0.3.tgz#eefd154e9e79d2c8d3417b647a8f14d9fecce14e"
    integrity sha1-7v0VTp550sjTQXtkeo8U2f7M4U4=
    dependencies:
      acorn "^1.0.1"
      acorn-globals "^1.0.3"
  
  wkx@^0.5.0:
    version "0.5.0"
    resolved "https://registry.npm.taobao.org/wkx/download/wkx-0.5.0.tgz#c6c37019acf40e517cc6b94657a25a3d4aa33e8c"
    integrity sha1-xsNwGaz0DlF8xrlGV6JaPUqjPow=
    dependencies:
      "@types/node" "*"
  
  wordwrap@0.0.2:
    version "0.0.2"
    resolved "https://registry.npm.taobao.org/wordwrap/download/wordwrap-0.0.2.tgz#b79669bb42ecb409f83d583cad52ca17eaa1643f"
    integrity sha1-t5Zpu0LstAn4PVg8rVLKF+qhZD8=
  
  wordwrap@~0.0.2:
    version "0.0.3"
    resolved "https://registry.npm.taobao.org/wordwrap/download/wordwrap-0.0.3.tgz#a3d5da6cd5c0bc0008d37234bbaf1bed63059107"
    integrity sha1-o9XabNXAvAAI03I0u68b7WMFkQc=
  
  wrap-ansi@^5.1.0:
    version "5.1.0"
    resolved "https://registry.npm.taobao.org/wrap-ansi/download/wrap-ansi-5.1.0.tgz#1fd1f67235d5b6d0fee781056001bfb694c03b09"
    integrity sha1-H9H2cjXVttD+54EFYAG/tpTAOwk=
    dependencies:
      ansi-styles "^3.2.0"
      string-width "^3.0.0"
      strip-ansi "^5.0.0"
  
  y18n@^4.0.0:
    version "4.0.1"
    resolved "https://registry.npm.taobao.org/y18n/download/y18n-4.0.1.tgz#8db2b83c31c5d75099bb890b23f3094891e247d4"
    integrity sha1-jbK4PDHF11CZu4kLI/MJSJHiR9Q=
  
  yallist@^2.1.2:
    version "2.1.2"
    resolved "https://registry.npm.taobao.org/yallist/download/yallist-2.1.2.tgz#1c11f9218f076089a47dd512f93c6699a6a81d52"
    integrity sha1-HBH5IY8HYImkfdUS+TxmmaaoHVI=
  
  yallist@^4.0.0:
    version "4.0.0"
    resolved "https://registry.npm.taobao.org/yallist/download/yallist-4.0.0.tgz#9bb92790d9c0effec63be73519e11a35019a3a72"
    integrity sha1-m7knkNnA7/7GO+c1GeEaNQGaOnI=
  
  yargs-parser@^13.1.2:
    version "13.1.2"
    resolved "https://registry.npm.taobao.org/yargs-parser/download/yargs-parser-13.1.2.tgz?cache=0&sync_timestamp=1604886694625&other_urls=https%3A%2F%2Fregistry.npm.taobao.org%2Fyargs-parser%2Fdownload%2Fyargs-parser-13.1.2.tgz#130f09702ebaeef2650d54ce6e3e5706f7a4fb38"
    integrity sha1-Ew8JcC667vJlDVTObj5XBvek+zg=
    dependencies:
      camelcase "^5.0.0"
      decamelize "^1.2.0"
  
  yargs@^13.2.4:
    version "13.3.2"
    resolved "https://registry.npm.taobao.org/yargs/download/yargs-13.3.2.tgz?cache=0&sync_timestamp=1607207963779&other_urls=https%3A%2F%2Fregistry.npm.taobao.org%2Fyargs%2Fdownload%2Fyargs-13.3.2.tgz#ad7ffefec1aa59565ac915f82dccb38a9c31a2dd"
    integrity sha1-rX/+/sGqWVZayRX4Lcyzipwxot0=
    dependencies:
      cliui "^5.0.0"
      find-up "^3.0.0"
      get-caller-file "^2.0.1"
      require-directory "^2.1.1"
      require-main-filename "^2.0.0"
      set-blocking "^2.0.0"
      string-width "^3.0.0"
      which-module "^2.0.0"
      y18n "^4.0.0"
      yargs-parser "^13.1.2"
  
  yargs@~3.10.0:
    version "3.10.0"
    resolved "https://registry.npm.taobao.org/yargs/download/yargs-3.10.0.tgz?cache=0&sync_timestamp=1607207963779&other_urls=https%3A%2F%2Fregistry.npm.taobao.org%2Fyargs%2Fdownload%2Fyargs-3.10.0.tgz#f7ee7bd857dd7c1d2d38c0e74efbd681d1431fd1"
    integrity sha1-9+572FfdfB0tOMDnTvvWgdFDH9E=
    dependencies:
      camelcase "^1.0.2"
      cliui "^2.1.0"
      decamelize "^1.0.0"
      window-size "0.1.0"
